2022/03/22 12:27:31 [notice] 1#1: using the "epoll" event method
2022/03/22 12:27:31 [notice] 1#1: nginx/1.20.2
2022/03/22 12:27:31 [notice] 1#1: built by gcc 10.3.1 20210424 (Alpine 10.3.1_git20210424) 
2022/03/22 12:27:31 [notice] 1#1: OS: Linux 5.10.16.3-microsoft-standard-WSL2
2022/03/22 12:27:31 [notice] 1#1: getrlimit(RLIMIT_NOFILE): 1048576:1048576
2022/03/22 12:27:31 [notice] 1#1: start worker processes
2022/03/22 12:27:31 [notice] 1#1: start worker process 31
2022/03/22 12:27:31 [notice] 1#1: start worker process 32
2022/03/22 12:27:31 [notice] 1#1: start worker process 33
2022/03/22 12:27:31 [notice] 1#1: start worker process 34
2022/03/22 12:32:41 [notice] 1#1: signal 3 (SIGQUIT) received, shutting down
2022/03/22 12:32:41 [notice] 31#31: gracefully shutting down
2022/03/22 12:32:41 [notice] 33#33: gracefully shutting down
2022/03/22 12:32:41 [notice] 32#32: gracefully shutting down
2022/03/22 12:32:41 [notice] 34#34: gracefully shutting down
2022/03/22 12:32:41 [notice] 31#31: exiting
2022/03/22 12:32:41 [notice] 31#31: exit
2022/03/22 12:32:41 [notice] 34#34: exiting
2022/03/22 12:32:41 [notice] 32#32: exiting
2022/03/22 12:32:41 [notice] 33#33: exiting
2022/03/22 12:32:41 [notice] 33#33: exit
2022/03/22 12:32:41 [notice] 34#34: exit
2022/03/22 12:32:41 [notice] 32#32: exit
2022/03/22 12:32:41 [notice] 1#1: signal 17 (SIGCHLD) received from 32
2022/03/22 12:32:41 [notice] 1#1: worker process 31 exited with code 0
2022/03/22 12:32:41 [notice] 1#1: worker process 32 exited with code 0
2022/03/22 12:32:41 [notice] 1#1: signal 29 (SIGIO) received
2022/03/22 12:32:41 [notice] 1#1: signal 17 (SIGCHLD) received from 31
2022/03/22 12:32:41 [notice] 1#1: signal 17 (SIGCHLD) received from 33
2022/03/22 12:32:41 [notice] 1#1: worker process 33 exited with code 0
2022/03/22 12:32:41 [notice] 1#1: signal 29 (SIGIO) received
2022/03/22 12:32:41 [notice] 1#1: signal 17 (SIGCHLD) received from 34
2022/03/22 12:32:41 [notice] 1#1: worker process 34 exited with code 0
2022/03/22 12:32:41 [notice] 1#1: exit
2022/03/22 12:32:52 [notice] 1#1: using the "epoll" event method
2022/03/22 12:32:52 [notice] 1#1: nginx/1.20.2
2022/03/22 12:32:52 [notice] 1#1: built by gcc 10.3.1 20210424 (Alpine 10.3.1_git20210424) 
2022/03/22 12:32:52 [notice] 1#1: OS: Linux 5.10.16.3-microsoft-standard-WSL2
2022/03/22 12:32:52 [notice] 1#1: getrlimit(RLIMIT_NOFILE): 1048576:1048576
2022/03/22 12:32:52 [notice] 1#1: start worker processes
2022/03/22 12:32:52 [notice] 1#1: start worker process 32
2022/03/22 12:32:52 [notice] 1#1: start worker process 33
2022/03/22 12:32:52 [notice] 1#1: start worker process 34
2022/03/22 12:32:52 [notice] 1#1: start worker process 35
2022/03/22 12:35:58 [notice] 1#1: signal 3 (SIGQUIT) received, shutting down
2022/03/22 12:35:58 [notice] 32#32: gracefully shutting down
2022/03/22 12:35:58 [notice] 34#34: gracefully shutting down
2022/03/22 12:35:58 [notice] 35#35: gracefully shutting down
2022/03/22 12:35:58 [notice] 33#33: gracefully shutting down
2022/03/22 12:35:58 [notice] 32#32: exiting
2022/03/22 12:35:58 [notice] 34#34: exiting
2022/03/22 12:35:58 [notice] 35#35: exiting
2022/03/22 12:35:58 [notice] 33#33: exiting
2022/03/22 12:35:58 [notice] 32#32: exit
2022/03/22 12:35:58 [notice] 33#33: exit
2022/03/22 12:35:58 [notice] 34#34: exit
2022/03/22 12:35:58 [notice] 35#35: exit
2022/03/22 12:35:58 [notice] 1#1: signal 17 (SIGCHLD) received from 32
2022/03/22 12:35:58 [notice] 1#1: worker process 32 exited with code 0
2022/03/22 12:35:58 [notice] 1#1: worker process 34 exited with code 0
2022/03/22 12:35:58 [notice] 1#1: signal 29 (SIGIO) received
2022/03/22 12:35:58 [notice] 1#1: signal 17 (SIGCHLD) received from 35
2022/03/22 12:35:58 [notice] 1#1: worker process 33 exited with code 0
2022/03/22 12:35:58 [notice] 1#1: worker process 35 exited with code 0
2022/03/22 12:35:58 [notice] 1#1: exit
2022/03/22 12:38:12 [notice] 1#1: using the "epoll" event method
2022/03/22 12:38:12 [notice] 1#1: nginx/1.20.2
2022/03/22 12:38:12 [notice] 1#1: built by gcc 10.3.1 20210424 (Alpine 10.3.1_git20210424) 
2022/03/22 12:38:12 [notice] 1#1: OS: Linux 5.10.16.3-microsoft-standard-WSL2
2022/03/22 12:38:12 [notice] 1#1: getrlimit(RLIMIT_NOFILE): 1048576:1048576
2022/03/22 12:38:12 [notice] 1#1: start worker processes
2022/03/22 12:38:12 [notice] 1#1: start worker process 31
2022/03/22 12:38:12 [notice] 1#1: start worker process 32
2022/03/22 12:38:12 [notice] 1#1: start worker process 33
2022/03/22 12:38:12 [notice] 1#1: start worker process 34
2022/03/22 12:41:12 [notice] 1#1: signal 3 (SIGQUIT) received, shutting down
2022/03/22 12:41:12 [notice] 32#32: gracefully shutting down
2022/03/22 12:41:12 [notice] 33#33: gracefully shutting down
2022/03/22 12:41:12 [notice] 31#31: gracefully shutting down
2022/03/22 12:41:12 [notice] 31#31: exiting
2022/03/22 12:41:12 [notice] 32#32: exiting
2022/03/22 12:41:12 [notice] 33#33: exiting
2022/03/22 12:41:12 [notice] 33#33: exit
2022/03/22 12:41:12 [notice] 34#34: gracefully shutting down
2022/03/22 12:41:12 [notice] 32#32: exit
2022/03/22 12:41:12 [notice] 31#31: exit
2022/03/22 12:41:12 [notice] 34#34: exiting
2022/03/22 12:41:12 [notice] 34#34: exit
2022/03/22 12:41:12 [notice] 1#1: signal 17 (SIGCHLD) received from 34
2022/03/22 12:41:12 [notice] 1#1: worker process 34 exited with code 0
2022/03/22 12:41:12 [notice] 1#1: worker process 33 exited with code 0
2022/03/22 12:41:12 [notice] 1#1: signal 29 (SIGIO) received
2022/03/22 12:41:12 [notice] 1#1: signal 17 (SIGCHLD) received from 33
2022/03/22 12:41:12 [notice] 1#1: signal 17 (SIGCHLD) received from 32
2022/03/22 12:41:12 [notice] 1#1: worker process 32 exited with code 0
2022/03/22 12:41:12 [notice] 1#1: signal 29 (SIGIO) received
2022/03/22 12:41:13 [notice] 1#1: signal 17 (SIGCHLD) received from 31
2022/03/22 12:41:13 [notice] 1#1: worker process 31 exited with code 0
2022/03/22 12:41:13 [notice] 1#1: exit
2022/03/22 12:44:09 [notice] 1#1: using the "epoll" event method
2022/03/22 12:44:09 [notice] 1#1: nginx/1.20.2
2022/03/22 12:44:09 [notice] 1#1: built by gcc 10.3.1 20210424 (Alpine 10.3.1_git20210424) 
2022/03/22 12:44:09 [notice] 1#1: OS: Linux 5.10.16.3-microsoft-standard-WSL2
2022/03/22 12:44:09 [notice] 1#1: getrlimit(RLIMIT_NOFILE): 1048576:1048576
2022/03/22 12:44:09 [notice] 1#1: start worker processes
2022/03/22 12:44:09 [notice] 1#1: start worker process 33
2022/03/22 12:44:09 [notice] 1#1: start worker process 34
2022/03/22 12:44:09 [notice] 1#1: start worker process 35
2022/03/22 12:44:09 [notice] 1#1: start worker process 36
2022/03/22 13:24:52 [notice] 1#1: signal 3 (SIGQUIT) received, shutting down
2022/03/22 13:24:52 [notice] 35#35: gracefully shutting down
2022/03/22 13:24:52 [notice] 33#33: gracefully shutting down
2022/03/22 13:24:52 [notice] 36#36: gracefully shutting down
2022/03/22 13:24:52 [notice] 34#34: gracefully shutting down
2022/03/22 13:24:52 [notice] 34#34: exiting
2022/03/22 13:24:52 [notice] 33#33: exiting
2022/03/22 13:24:52 [notice] 35#35: exiting
2022/03/22 13:24:52 [notice] 36#36: exiting
2022/03/22 13:24:52 [notice] 33#33: exit
2022/03/22 13:24:52 [notice] 36#36: exit
2022/03/22 13:24:52 [notice] 35#35: exit
2022/03/22 13:24:52 [notice] 34#34: exit
2022/03/22 13:24:53 [notice] 1#1: signal 17 (SIGCHLD) received from 35
2022/03/22 13:24:53 [notice] 1#1: worker process 34 exited with code 0
2022/03/22 13:24:53 [notice] 1#1: worker process 35 exited with code 0
2022/03/22 13:24:53 [notice] 1#1: worker process 36 exited with code 0
2022/03/22 13:24:53 [notice] 1#1: signal 29 (SIGIO) received
2022/03/22 13:24:53 [notice] 1#1: signal 17 (SIGCHLD) received from 34
2022/03/22 13:24:53 [notice] 1#1: signal 17 (SIGCHLD) received from 33
2022/03/22 13:24:53 [notice] 1#1: worker process 33 exited with code 0
2022/03/22 13:24:53 [notice] 1#1: exit
2022/03/22 13:25:18 [notice] 1#1: using the "epoll" event method
2022/03/22 13:25:18 [notice] 1#1: nginx/1.20.2
2022/03/22 13:25:18 [notice] 1#1: built by gcc 10.3.1 20210424 (Alpine 10.3.1_git20210424) 
2022/03/22 13:25:18 [notice] 1#1: OS: Linux 5.10.16.3-microsoft-standard-WSL2
2022/03/22 13:25:18 [notice] 1#1: getrlimit(RLIMIT_NOFILE): 1048576:1048576
2022/03/22 13:25:18 [notice] 1#1: start worker processes
2022/03/22 13:25:18 [notice] 1#1: start worker process 31
2022/03/22 13:25:18 [notice] 1#1: start worker process 32
2022/03/22 13:25:18 [notice] 1#1: start worker process 33
2022/03/22 13:25:18 [notice] 1#1: start worker process 34
2022/03/22 13:25:28 [notice] 1#1: signal 3 (SIGQUIT) received, shutting down
2022/03/22 13:25:28 [notice] 31#31: gracefully shutting down
2022/03/22 13:25:28 [notice] 32#32: gracefully shutting down
2022/03/22 13:25:28 [notice] 34#34: gracefully shutting down
2022/03/22 13:25:28 [notice] 34#34: exiting
2022/03/22 13:25:28 [notice] 33#33: gracefully shutting down
2022/03/22 13:25:28 [notice] 34#34: exit
2022/03/22 13:25:28 [notice] 31#31: exiting
2022/03/22 13:25:28 [notice] 32#32: exiting
2022/03/22 13:25:28 [notice] 33#33: exiting
2022/03/22 13:25:28 [notice] 33#33: exit
2022/03/22 13:25:28 [notice] 32#32: exit
2022/03/22 13:25:28 [notice] 31#31: exit
2022/03/22 13:25:28 [notice] 1#1: signal 17 (SIGCHLD) received from 33
2022/03/22 13:25:28 [notice] 1#1: worker process 33 exited with code 0
2022/03/22 13:25:28 [notice] 1#1: signal 29 (SIGIO) received
2022/03/22 13:25:28 [notice] 1#1: signal 17 (SIGCHLD) received from 34
2022/03/22 13:25:28 [notice] 1#1: worker process 31 exited with code 0
2022/03/22 13:25:28 [notice] 1#1: worker process 32 exited with code 0
2022/03/22 13:25:28 [notice] 1#1: worker process 34 exited with code 0
2022/03/22 13:25:28 [notice] 1#1: exit
2022/03/22 13:57:58 [notice] 1#1: using the "epoll" event method
2022/03/22 13:57:58 [notice] 1#1: nginx/1.20.2
2022/03/22 13:57:58 [notice] 1#1: built by gcc 10.3.1 20210424 (Alpine 10.3.1_git20210424) 
2022/03/22 13:57:58 [notice] 1#1: OS: Linux 5.10.16.3-microsoft-standard-WSL2
2022/03/22 13:57:58 [notice] 1#1: getrlimit(RLIMIT_NOFILE): 1048576:1048576
2022/03/22 13:57:58 [notice] 1#1: start worker processes
2022/03/22 13:57:58 [notice] 1#1: start worker process 31
2022/03/22 13:57:58 [notice] 1#1: start worker process 32
2022/03/22 13:57:58 [notice] 1#1: start worker process 33
2022/03/22 13:57:58 [notice] 1#1: start worker process 34
2022/03/22 14:05:11 [notice] 1#1: signal 3 (SIGQUIT) received, shutting down
2022/03/22 14:05:11 [notice] 32#32: gracefully shutting down
2022/03/22 14:05:11 [notice] 31#31: gracefully shutting down
2022/03/22 14:05:11 [notice] 33#33: gracefully shutting down
2022/03/22 14:05:11 [notice] 34#34: gracefully shutting down
2022/03/22 14:05:11 [notice] 32#32: exiting
2022/03/22 14:05:11 [notice] 34#34: exiting
2022/03/22 14:05:11 [notice] 33#33: exiting
2022/03/22 14:05:11 [notice] 31#31: exiting
2022/03/22 14:05:11 [notice] 32#32: exit
2022/03/22 14:05:11 [notice] 34#34: exit
2022/03/22 14:05:11 [notice] 33#33: exit
2022/03/22 14:05:11 [notice] 31#31: exit
2022/03/22 14:05:12 [notice] 1#1: signal 17 (SIGCHLD) received from 32
2022/03/22 14:05:12 [notice] 1#1: worker process 32 exited with code 0
2022/03/22 14:05:12 [notice] 1#1: worker process 31 exited with code 0
2022/03/22 14:05:12 [notice] 1#1: worker process 33 exited with code 0
2022/03/22 14:05:12 [notice] 1#1: worker process 34 exited with code 0
2022/03/22 14:05:12 [notice] 1#1: exit
2022/03/22 14:05:22 [notice] 1#1: using the "epoll" event method
2022/03/22 14:05:22 [notice] 1#1: nginx/1.20.2
2022/03/22 14:05:22 [notice] 1#1: built by gcc 10.3.1 20210424 (Alpine 10.3.1_git20210424) 
2022/03/22 14:05:22 [notice] 1#1: OS: Linux 5.10.16.3-microsoft-standard-WSL2
2022/03/22 14:05:22 [notice] 1#1: getrlimit(RLIMIT_NOFILE): 1048576:1048576
2022/03/22 14:05:22 [notice] 1#1: start worker processes
2022/03/22 14:05:22 [notice] 1#1: start worker process 33
2022/03/22 14:05:22 [notice] 1#1: start worker process 34
2022/03/22 14:05:22 [notice] 1#1: start worker process 35
2022/03/22 14:05:22 [notice] 1#1: start worker process 36
2022/03/22 14:06:29 [notice] 1#1: signal 3 (SIGQUIT) received, shutting down
2022/03/22 14:06:29 [notice] 34#34: gracefully shutting down
2022/03/22 14:06:29 [notice] 36#36: gracefully shutting down
2022/03/22 14:06:29 [notice] 35#35: gracefully shutting down
2022/03/22 14:06:29 [notice] 34#34: exiting
2022/03/22 14:06:29 [notice] 35#35: exiting
2022/03/22 14:06:29 [notice] 36#36: exiting
2022/03/22 14:06:29 [notice] 33#33: gracefully shutting down
2022/03/22 14:06:29 [notice] 36#36: exit
2022/03/22 14:06:29 [notice] 35#35: exit
2022/03/22 14:06:29 [notice] 34#34: exit
2022/03/22 14:06:29 [notice] 33#33: exiting
2022/03/22 14:06:29 [notice] 33#33: exit
2022/03/22 14:06:29 [notice] 1#1: signal 17 (SIGCHLD) received from 33
2022/03/22 14:06:29 [notice] 1#1: worker process 33 exited with code 0
2022/03/22 14:06:29 [notice] 1#1: signal 29 (SIGIO) received
2022/03/22 14:06:29 [notice] 1#1: signal 17 (SIGCHLD) received from 35
2022/03/22 14:06:29 [notice] 1#1: worker process 35 exited with code 0
2022/03/22 14:06:29 [notice] 1#1: signal 29 (SIGIO) received
2022/03/22 14:06:29 [notice] 1#1: signal 17 (SIGCHLD) received from 34
2022/03/22 14:06:29 [notice] 1#1: worker process 34 exited with code 0
2022/03/22 14:06:29 [notice] 1#1: worker process 36 exited with code 0
2022/03/22 14:06:29 [notice] 1#1: exit
2022/03/22 14:07:39 [notice] 1#1: using the "epoll" event method
2022/03/22 14:07:39 [notice] 1#1: nginx/1.20.2
2022/03/22 14:07:39 [notice] 1#1: built by gcc 10.3.1 20210424 (Alpine 10.3.1_git20210424) 
2022/03/22 14:07:39 [notice] 1#1: OS: Linux 5.10.16.3-microsoft-standard-WSL2
2022/03/22 14:07:39 [notice] 1#1: getrlimit(RLIMIT_NOFILE): 1048576:1048576
2022/03/22 14:07:39 [notice] 1#1: start worker processes
2022/03/22 14:07:39 [notice] 1#1: start worker process 32
2022/03/22 14:07:39 [notice] 1#1: start worker process 33
2022/03/22 14:07:39 [notice] 1#1: start worker process 34
2022/03/22 14:07:39 [notice] 1#1: start worker process 35
2022/03/22 14:07:55 [notice] 1#1: signal 3 (SIGQUIT) received, shutting down
2022/03/22 14:07:55 [notice] 33#33: gracefully shutting down
2022/03/22 14:07:55 [notice] 32#32: gracefully shutting down
2022/03/22 14:07:55 [notice] 34#34: gracefully shutting down
2022/03/22 14:07:55 [notice] 35#35: gracefully shutting down
2022/03/22 14:07:55 [notice] 33#33: exiting
2022/03/22 14:07:55 [notice] 32#32: exiting
2022/03/22 14:07:55 [notice] 34#34: exiting
2022/03/22 14:07:55 [notice] 35#35: exiting
2022/03/22 14:07:55 [notice] 32#32: exit
2022/03/22 14:07:55 [notice] 34#34: exit
2022/03/22 14:07:55 [notice] 33#33: exit
2022/03/22 14:07:55 [notice] 35#35: exit
2022/03/22 14:07:55 [notice] 1#1: signal 17 (SIGCHLD) received from 33
2022/03/22 14:07:55 [notice] 1#1: worker process 32 exited with code 0
2022/03/22 14:07:55 [notice] 1#1: worker process 33 exited with code 0
2022/03/22 14:07:55 [notice] 1#1: worker process 35 exited with code 0
2022/03/22 14:07:55 [notice] 1#1: signal 29 (SIGIO) received
2022/03/22 14:07:55 [notice] 1#1: signal 17 (SIGCHLD) received from 34
2022/03/22 14:07:55 [notice] 1#1: worker process 34 exited with code 0
2022/03/22 14:07:55 [notice] 1#1: exit
2022/03/22 14:08:13 [notice] 1#1: using the "epoll" event method
2022/03/22 14:08:13 [notice] 1#1: nginx/1.20.2
2022/03/22 14:08:13 [notice] 1#1: built by gcc 10.3.1 20210424 (Alpine 10.3.1_git20210424) 
2022/03/22 14:08:13 [notice] 1#1: OS: Linux 5.10.16.3-microsoft-standard-WSL2
2022/03/22 14:08:13 [notice] 1#1: getrlimit(RLIMIT_NOFILE): 1048576:1048576
2022/03/22 14:08:13 [notice] 1#1: start worker processes
2022/03/22 14:08:13 [notice] 1#1: start worker process 32
2022/03/22 14:08:13 [notice] 1#1: start worker process 33
2022/03/22 14:08:13 [notice] 1#1: start worker process 34
2022/03/22 14:08:13 [notice] 1#1: start worker process 35
2022/03/22 14:13:24 [notice] 1#1: signal 3 (SIGQUIT) received, shutting down
2022/03/22 14:13:24 [notice] 32#32: gracefully shutting down
2022/03/22 14:13:24 [notice] 33#33: gracefully shutting down
2022/03/22 14:13:24 [notice] 34#34: gracefully shutting down
2022/03/22 14:13:24 [notice] 34#34: exiting
2022/03/22 14:13:24 [notice] 35#35: gracefully shutting down
2022/03/22 14:13:24 [notice] 32#32: exiting
2022/03/22 14:13:24 [notice] 33#33: exiting
2022/03/22 14:13:24 [notice] 33#33: exit
2022/03/22 14:13:24 [notice] 32#32: exit
2022/03/22 14:13:24 [notice] 34#34: exit
2022/03/22 14:13:24 [notice] 35#35: exiting
2022/03/22 14:13:24 [notice] 35#35: exit
2022/03/22 14:13:24 [notice] 1#1: signal 17 (SIGCHLD) received from 35
2022/03/22 14:13:24 [notice] 1#1: worker process 32 exited with code 0
2022/03/22 14:13:24 [notice] 1#1: worker process 35 exited with code 0
2022/03/22 14:13:24 [notice] 1#1: signal 29 (SIGIO) received
2022/03/22 14:13:24 [notice] 1#1: signal 17 (SIGCHLD) received from 32
2022/03/22 14:13:24 [notice] 1#1: signal 17 (SIGCHLD) received from 34
2022/03/22 14:13:24 [notice] 1#1: worker process 34 exited with code 0
2022/03/22 14:13:24 [notice] 1#1: worker process 33 exited with code 0
2022/03/22 14:13:24 [notice] 1#1: exit
2022/03/22 14:28:38 [notice] 1#1: using the "epoll" event method
2022/03/22 14:28:38 [notice] 1#1: nginx/1.20.2
2022/03/22 14:28:38 [notice] 1#1: built by gcc 10.3.1 20210424 (Alpine 10.3.1_git20210424) 
2022/03/22 14:28:38 [notice] 1#1: OS: Linux 5.10.16.3-microsoft-standard-WSL2
2022/03/22 14:28:38 [notice] 1#1: getrlimit(RLIMIT_NOFILE): 1048576:1048576
2022/03/22 14:28:38 [notice] 1#1: start worker processes
2022/03/22 14:28:38 [notice] 1#1: start worker process 32
2022/03/22 14:28:38 [notice] 1#1: start worker process 33
2022/03/22 14:28:38 [notice] 1#1: start worker process 34
2022/03/22 14:28:38 [notice] 1#1: start worker process 35
2022/03/22 14:29:06 [notice] 1#1: signal 3 (SIGQUIT) received, shutting down
2022/03/22 14:29:06 [notice] 33#33: gracefully shutting down
2022/03/22 14:29:06 [notice] 33#33: exiting
2022/03/22 14:29:06 [notice] 32#32: gracefully shutting down
2022/03/22 14:29:06 [notice] 32#32: exiting
2022/03/22 14:29:06 [notice] 34#34: gracefully shutting down
2022/03/22 14:29:06 [notice] 34#34: exiting
2022/03/22 14:29:06 [notice] 35#35: gracefully shutting down
2022/03/22 14:29:06 [notice] 35#35: exiting
2022/03/22 14:29:06 [notice] 33#33: exit
2022/03/22 14:29:06 [notice] 32#32: exit
2022/03/22 14:29:06 [notice] 34#34: exit
2022/03/22 14:29:06 [notice] 35#35: exit
2022/03/22 14:29:06 [notice] 1#1: signal 17 (SIGCHLD) received from 34
2022/03/22 14:29:06 [notice] 1#1: worker process 34 exited with code 0
2022/03/22 14:29:06 [notice] 1#1: signal 29 (SIGIO) received
2022/03/22 14:29:06 [notice] 1#1: signal 17 (SIGCHLD) received from 33
2022/03/22 14:29:06 [notice] 1#1: worker process 32 exited with code 0
2022/03/22 14:29:06 [notice] 1#1: worker process 33 exited with code 0
2022/03/22 14:29:06 [notice] 1#1: worker process 35 exited with code 0
2022/03/22 14:29:06 [notice] 1#1: exit
2022/03/22 14:29:31 [notice] 1#1: using the "epoll" event method
2022/03/22 14:29:31 [notice] 1#1: nginx/1.20.2
2022/03/22 14:29:31 [notice] 1#1: built by gcc 10.3.1 20210424 (Alpine 10.3.1_git20210424) 
2022/03/22 14:29:31 [notice] 1#1: OS: Linux 5.10.16.3-microsoft-standard-WSL2
2022/03/22 14:29:31 [notice] 1#1: getrlimit(RLIMIT_NOFILE): 1048576:1048576
2022/03/22 14:29:31 [notice] 1#1: start worker processes
2022/03/22 14:29:31 [notice] 1#1: start worker process 32
2022/03/22 14:29:31 [notice] 1#1: start worker process 33
2022/03/22 14:29:31 [notice] 1#1: start worker process 34
2022/03/22 14:29:31 [notice] 1#1: start worker process 35
2022/03/22 15:19:20 [notice] 1#1: signal 3 (SIGQUIT) received, shutting down
2022/03/22 15:19:20 [notice] 33#33: gracefully shutting down
2022/03/22 15:19:20 [notice] 32#32: gracefully shutting down
2022/03/22 15:19:20 [notice] 35#35: gracefully shutting down
2022/03/22 15:19:20 [notice] 34#34: gracefully shutting down
2022/03/22 15:19:20 [notice] 33#33: exiting
2022/03/22 15:19:20 [notice] 32#32: exiting
2022/03/22 15:19:20 [notice] 34#34: exiting
2022/03/22 15:19:20 [notice] 35#35: exiting
2022/03/22 15:19:20 [notice] 35#35: exit
2022/03/22 15:19:20 [notice] 34#34: exit
2022/03/22 15:19:20 [notice] 32#32: exit
2022/03/22 15:19:20 [notice] 33#33: exit
2022/03/22 15:19:20 [notice] 1#1: signal 17 (SIGCHLD) received from 35
2022/03/22 15:19:20 [notice] 1#1: worker process 34 exited with code 0
2022/03/22 15:19:20 [notice] 1#1: worker process 33 exited with code 0
2022/03/22 15:19:20 [notice] 1#1: worker process 35 exited with code 0
2022/03/22 15:19:20 [notice] 1#1: signal 29 (SIGIO) received
2022/03/22 15:19:20 [notice] 1#1: signal 17 (SIGCHLD) received from 33
2022/03/22 15:19:20 [notice] 1#1: worker process 32 exited with code 0
2022/03/22 15:19:20 [notice] 1#1: exit
2022/03/22 15:37:02 [notice] 1#1: using the "epoll" event method
2022/03/22 15:37:02 [notice] 1#1: nginx/1.20.2
2022/03/22 15:37:02 [notice] 1#1: built by gcc 10.3.1 20210424 (Alpine 10.3.1_git20210424) 
2022/03/22 15:37:02 [notice] 1#1: OS: Linux 5.10.16.3-microsoft-standard-WSL2
2022/03/22 15:37:02 [notice] 1#1: getrlimit(RLIMIT_NOFILE): 1048576:1048576
2022/03/22 15:37:02 [notice] 1#1: start worker processes
2022/03/22 15:37:02 [notice] 1#1: start worker process 31
2022/03/22 15:37:02 [notice] 1#1: start worker process 32
2022/03/22 15:37:02 [notice] 1#1: start worker process 33
2022/03/22 15:37:02 [notice] 1#1: start worker process 34
2022/03/23 04:21:37 [notice] 1#1: using the "epoll" event method
2022/03/23 04:21:37 [notice] 1#1: nginx/1.20.2
2022/03/23 04:21:37 [notice] 1#1: built by gcc 10.3.1 20210424 (Alpine 10.3.1_git20210424) 
2022/03/23 04:21:37 [notice] 1#1: OS: Linux 5.10.16.3-microsoft-standard-WSL2
2022/03/23 04:21:37 [notice] 1#1: getrlimit(RLIMIT_NOFILE): 1048576:1048576
2022/03/23 04:21:37 [notice] 1#1: start worker processes
2022/03/23 04:21:37 [notice] 1#1: start worker process 32
2022/03/23 04:21:37 [notice] 1#1: start worker process 33
2022/03/23 04:21:37 [notice] 1#1: start worker process 34
2022/03/23 04:21:37 [notice] 1#1: start worker process 35
2022/03/23 12:21:40 [notice] 1#1: signal 3 (SIGQUIT) received, shutting down
2022/03/23 12:21:40 [notice] 32#32: gracefully shutting down
2022/03/23 12:21:40 [notice] 33#33: gracefully shutting down
2022/03/23 12:21:40 [notice] 35#35: gracefully shutting down
2022/03/23 12:21:40 [notice] 34#34: gracefully shutting down
2022/03/23 12:21:40 [notice] 35#35: exiting
2022/03/23 12:21:40 [notice] 33#33: exiting
2022/03/23 12:21:40 [notice] 32#32: exiting
2022/03/23 12:21:40 [notice] 34#34: exiting
2022/03/23 12:21:40 [notice] 34#34: exit
2022/03/23 12:21:40 [notice] 35#35: exit
2022/03/23 12:21:40 [notice] 32#32: exit
2022/03/23 12:21:40 [notice] 33#33: exit
2022/03/23 12:21:41 [notice] 1#1: signal 17 (SIGCHLD) received from 35
2022/03/23 12:21:41 [notice] 1#1: worker process 35 exited with code 0
2022/03/23 12:21:41 [notice] 1#1: worker process 34 exited with code 0
2022/03/23 12:21:41 [notice] 1#1: signal 29 (SIGIO) received
2022/03/23 12:21:41 [notice] 1#1: signal 17 (SIGCHLD) received from 34
2022/03/23 12:21:41 [notice] 1#1: signal 17 (SIGCHLD) received from 33
2022/03/23 12:21:41 [notice] 1#1: worker process 33 exited with code 0
2022/03/23 12:21:41 [notice] 1#1: worker process 32 exited with code 0
2022/03/23 12:21:41 [notice] 1#1: exit
2022/03/23 12:50:52 [notice] 1#1: using the "epoll" event method
2022/03/23 12:50:52 [notice] 1#1: nginx/1.20.2
2022/03/23 12:50:52 [notice] 1#1: built by gcc 10.3.1 20210424 (Alpine 10.3.1_git20210424) 
2022/03/23 12:50:52 [notice] 1#1: OS: Linux 5.10.16.3-microsoft-standard-WSL2
2022/03/23 12:50:52 [notice] 1#1: getrlimit(RLIMIT_NOFILE): 1048576:1048576
2022/03/23 12:50:52 [notice] 1#1: start worker processes
2022/03/23 12:50:52 [notice] 1#1: start worker process 32
2022/03/23 12:50:52 [notice] 1#1: start worker process 33
2022/03/23 12:50:52 [notice] 1#1: start worker process 34
2022/03/23 12:50:52 [notice] 1#1: start worker process 35
2022/03/23 13:50:30 [notice] 1#1: signal 3 (SIGQUIT) received, shutting down
2022/03/23 13:50:31 [notice] 33#33: gracefully shutting down
2022/03/23 13:50:31 [notice] 32#32: gracefully shutting down
2022/03/23 13:50:31 [notice] 35#35: gracefully shutting down
2022/03/23 13:50:31 [notice] 34#34: gracefully shutting down
2022/03/23 13:50:31 [notice] 35#35: exiting
2022/03/23 13:50:31 [notice] 33#33: exiting
2022/03/23 13:50:31 [notice] 34#34: exiting
2022/03/23 13:50:31 [notice] 32#32: exiting
2022/03/23 13:50:31 [notice] 35#35: exit
2022/03/23 13:50:31 [notice] 34#34: exit
2022/03/23 13:50:31 [notice] 33#33: exit
2022/03/23 13:50:31 [notice] 32#32: exit
2022/03/23 13:50:31 [notice] 1#1: signal 17 (SIGCHLD) received from 34
2022/03/23 13:50:31 [notice] 1#1: worker process 32 exited with code 0
2022/03/23 13:50:31 [notice] 1#1: worker process 33 exited with code 0
2022/03/23 13:50:31 [notice] 1#1: worker process 34 exited with code 0
2022/03/23 13:50:31 [notice] 1#1: worker process 35 exited with code 0
2022/03/23 13:50:31 [notice] 1#1: exit
2022/03/23 14:30:47 [notice] 1#1: using the "epoll" event method
2022/03/23 14:30:47 [notice] 1#1: nginx/1.20.2
2022/03/23 14:30:47 [notice] 1#1: built by gcc 10.3.1 20210424 (Alpine 10.3.1_git20210424) 
2022/03/23 14:30:47 [notice] 1#1: OS: Linux 5.10.16.3-microsoft-standard-WSL2
2022/03/23 14:30:47 [notice] 1#1: getrlimit(RLIMIT_NOFILE): 1048576:1048576
2022/03/23 14:30:47 [notice] 1#1: start worker processes
2022/03/23 14:30:47 [notice] 1#1: start worker process 33
2022/03/23 14:30:47 [notice] 1#1: start worker process 34
2022/03/23 14:30:47 [notice] 1#1: start worker process 35
2022/03/23 14:30:47 [notice] 1#1: start worker process 36
2022/03/23 14:31:35 [notice] 1#1: signal 3 (SIGQUIT) received, shutting down
2022/03/23 14:31:36 [notice] 33#33: gracefully shutting down
2022/03/23 14:31:36 [notice] 34#34: gracefully shutting down
2022/03/23 14:31:36 [notice] 35#35: gracefully shutting down
2022/03/23 14:31:36 [notice] 33#33: exiting
2022/03/23 14:31:36 [notice] 36#36: gracefully shutting down
2022/03/23 14:31:36 [notice] 34#34: exiting
2022/03/23 14:31:36 [notice] 35#35: exiting
2022/03/23 14:31:36 [notice] 33#33: exit
2022/03/23 14:31:36 [notice] 35#35: exit
2022/03/23 14:31:36 [notice] 34#34: exit
2022/03/23 14:31:36 [notice] 36#36: exiting
2022/03/23 14:31:36 [notice] 36#36: exit
2022/03/23 14:31:36 [notice] 1#1: signal 17 (SIGCHLD) received from 34
2022/03/23 14:31:36 [notice] 1#1: worker process 33 exited with code 0
2022/03/23 14:31:36 [notice] 1#1: worker process 34 exited with code 0
2022/03/23 14:31:36 [notice] 1#1: signal 29 (SIGIO) received
2022/03/23 14:31:36 [notice] 1#1: signal 17 (SIGCHLD) received from 33
2022/03/23 14:31:36 [notice] 1#1: worker process 36 exited with code 0
2022/03/23 14:31:36 [notice] 1#1: signal 17 (SIGCHLD) received from 35
2022/03/23 14:31:36 [notice] 1#1: worker process 35 exited with code 0
2022/03/23 14:31:36 [notice] 1#1: exit
2022/03/23 15:11:05 [notice] 1#1: using the "epoll" event method
2022/03/23 15:11:05 [notice] 1#1: nginx/1.20.2
2022/03/23 15:11:05 [notice] 1#1: built by gcc 10.3.1 20210424 (Alpine 10.3.1_git20210424) 
2022/03/23 15:11:05 [notice] 1#1: OS: Linux 5.10.16.3-microsoft-standard-WSL2
2022/03/23 15:11:05 [notice] 1#1: getrlimit(RLIMIT_NOFILE): 1048576:1048576
2022/03/23 15:11:05 [notice] 1#1: start worker processes
2022/03/23 15:11:05 [notice] 1#1: start worker process 32
2022/03/23 15:11:05 [notice] 1#1: start worker process 33
2022/03/23 15:11:05 [notice] 1#1: start worker process 34
2022/03/23 15:11:05 [notice] 1#1: start worker process 35
2022/03/23 15:15:28 [notice] 1#1: signal 3 (SIGQUIT) received, shutting down
2022/03/23 15:15:28 [notice] 33#33: gracefully shutting down
2022/03/23 15:15:28 [notice] 32#32: gracefully shutting down
2022/03/23 15:15:28 [notice] 33#33: exiting
2022/03/23 15:15:29 [notice] 34#34: gracefully shutting down
2022/03/23 15:15:29 [notice] 34#34: exiting
2022/03/23 15:15:29 [notice] 34#34: exit
2022/03/23 15:15:28 [notice] 32#32: exiting
2022/03/23 15:15:28 [notice] 32#32: exit
2022/03/23 15:15:29 [notice] 35#35: gracefully shutting down
2022/03/23 15:15:28 [notice] 33#33: exit
2022/03/23 15:15:29 [notice] 35#35: exiting
2022/03/23 15:15:29 [notice] 35#35: exit
2022/03/23 15:15:29 [notice] 1#1: signal 17 (SIGCHLD) received from 35
2022/03/23 15:15:29 [notice] 1#1: worker process 32 exited with code 0
2022/03/23 15:15:29 [notice] 1#1: worker process 33 exited with code 0
2022/03/23 15:15:29 [notice] 1#1: worker process 34 exited with code 0
2022/03/23 15:15:29 [notice] 1#1: worker process 35 exited with code 0
2022/03/23 15:15:29 [notice] 1#1: exit
